Using pre-set license
Built from '2022.3/staging' branch; Version is '2022.3.4f1 (35713cd46cd7) revision 3502396'; Using compiler version '192829333'; Build Type 'Release'
OS: 'Windows 10  (10.0.19045) 64bit Core' Language: 'en' Physical Memory: 16309 MB
BatchMode: 1, IsHumanControllingUs: 0, StartBugReporterOnCrash: 0, Is64bit: 1, IsPro: 1

COMMAND LINE ARGUMENTS:
C:\Program Files\Unity\Hub\Editor\2022.3.4f1\Editor\Unity.exe
-adb2
-batchMode
-noUpm
-name
AssetImportWorker0
-projectPath
C:/Users/Chase/OneDrive - Indiana University/N437 Project/N437_Antioch
-logFile
Logs/AssetImportWorker0.log
-srvPort
55484
Successfully changed project path to: C:/Users/Chase/OneDrive - Indiana University/N437 Project/N437_Antioch
C:/Users/Chase/OneDrive - Indiana University/N437 Project/N437_Antioch
[UnityMemory] Configuration Parameters - Can be set up in boot.config
    "memorysetup-bucket-allocator-granularity=16"
    "memorysetup-bucket-allocator-bucket-count=8"
    "memorysetup-bucket-allocator-block-size=33554432"
    "memorysetup-bucket-allocator-block-count=8"
    "memorysetup-main-allocator-block-size=16777216"
    "memorysetup-thread-allocator-block-size=16777216"
    "memorysetup-gfx-main-allocator-block-size=16777216"
    "memorysetup-gfx-thread-allocator-block-size=16777216"
    "memorysetup-cache-allocator-block-size=4194304"
    "memorysetup-typetree-allocator-block-size=2097152"
    "memorysetup-profiler-bucket-allocator-granularity=16"
    "memorysetup-profiler-bucket-allocator-bucket-count=8"
    "memorysetup-profiler-bucket-allocator-block-size=33554432"
    "memorysetup-profiler-bucket-allocator-block-count=8"
    "memorysetup-profiler-allocator-block-size=16777216"
    "memorysetup-profiler-editor-allocator-block-size=1048576"
    "memorysetup-temp-allocator-size-main=16777216"
    "memorysetup-job-temp-allocator-block-size=2097152"
    "memorysetup-job-temp-allocator-block-size-background=1048576"
    "memorysetup-job-temp-allocator-reduction-small-platforms=262144"
    "memorysetup-allocator-temp-initial-block-size-main=262144"
    "memorysetup-allocator-temp-initial-block-size-worker=262144"
    "memorysetup-temp-allocator-size-background-worker=32768"
    "memorysetup-temp-allocator-size-job-worker=262144"
    "memorysetup-temp-allocator-size-preload-manager=33554432"
    "memorysetup-temp-allocator-size-nav-mesh-worker=65536"
    "memorysetup-temp-allocator-size-audio-worker=65536"
    "memorysetup-temp-allocator-size-cloud-worker=32768"
    "memorysetup-temp-allocator-size-gi-baking-worker=262144"
    "memorysetup-temp-allocator-size-gfx=262144"
Player connection [41252] Host "[IP] 192.168.1.215 [Port] 0 [Flags] 2 [Guid] 3031904793 [EditorId] 3031904793 [Version] 1048832 [Id] WindowsEditor(7,DESKTOP-E34AORA) [Debug] 1 [PackageName] WindowsEditor [ProjectName] Editor" joined multi-casting on [225.0.0.222:54997]...

Player connection [41252] Host "[IP] 192.168.1.215 [Port] 0 [Flags] 2 [Guid] 3031904793 [EditorId] 3031904793 [Version] 1048832 [Id] WindowsEditor(7,DESKTOP-E34AORA) [Debug] 1 [PackageName] WindowsEditor [ProjectName] Editor" joined alternative multi-casting on [225.0.0.222:34997]...

Refreshing native plugins compatible for Editor in 12.01 ms, found 3 plugins.
Preloading 0 native plugins for Editor in 0.00 ms.
Initialize engine version: 2022.3.4f1 (35713cd46cd7)
[Subsystems] Discovering subsystems at path C:/Program Files/Unity/Hub/Editor/2022.3.4f1/Editor/Data/Resources/UnitySubsystems
[Subsystems] Discovering subsystems at path C:/Users/Chase/OneDrive - Indiana University/N437 Project/N437_Antioch/Assets
GfxDevice: creating device client; threaded=0; jobified=0
Direct3D:
    Version:  Direct3D 11.0 [level 11.1]
    Renderer: NVIDIA GeForce GTX 1660 (ID=0x2184)
    Vendor:   NVIDIA
    VRAM:     5981 MB
    Driver:   31.0.15.4633
Initialize mono
Mono path[0] = 'C:/Program Files/Unity/Hub/Editor/2022.3.4f1/Editor/Data/Managed'
Mono path[1] = 'C:/Program Files/Unity/Hub/Editor/2022.3.4f1/Editor/Data/MonoBleedingEdge/lib/mono/unityjit-win32'
Mono config path = 'C:/Program Files/Unity/Hub/Editor/2022.3.4f1/Editor/Data/MonoBleedingEdge/etc'
Using monoOptions --debugger-agent=transport=dt_socket,embedding=1,server=y,suspend=n,address=127.0.0.1:56496
Begin MonoManager ReloadAssembly
Registering precompiled unity dll's ...
Register platform support module: C:/Program Files/Unity/Hub/Editor/2022.3.4f1/Editor/Data/PlaybackEngines/WindowsStandaloneSupport/UnityEditor.WindowsStandalone.Extensions.dll
Registered in 0.009266 seconds.
- Loaded All Assemblies, in  0.293 seconds
Native extension for WindowsStandalone target not found
Mono: successfully reloaded assembly
- Finished resetting the current domain, in  0.201 seconds
Domain Reload Profiling: 492ms
	BeginReloadAssembly (82ms)
		ExecutionOrderSort (0ms)
		DisableScriptedObjects (0ms)
		BackupInstance (0ms)
		ReleaseScriptingObjects (0ms)
		CreateAndSetChildDomain (1ms)
	RebuildCommonClasses (42ms)
	RebuildNativeTypeToScriptingClass (9ms)
	initialDomainReloadingComplete (53ms)
	LoadAllAssembliesAndSetupDomain (105ms)
		LoadAssemblies (79ms)
		RebuildTransferFunctionScriptingTraits (0ms)
		AnalyzeDomain (99ms)
			TypeCache.Refresh (97ms)
				TypeCache.ScanAssembly (88ms)
			ScanForSourceGeneratedMonoScriptInfo (0ms)
			ResolveRequiredComponents (1ms)
	FinalizeReload (201ms)
		ReleaseScriptCaches (0ms)
		RebuildScriptCaches (0ms)
		SetupLoadedEditorAssemblies (154ms)
			LogAssemblyErrors (0ms)
			InitializePlatformSupportModulesInManaged (9ms)
			SetLoadedEditorAssemblies (7ms)
			RefreshPlugins (0ms)
			BeforeProcessingInitializeOnLoad (2ms)
			ProcessInitializeOnLoadAttributes (102ms)
			ProcessInitializeOnLoadMethodAttributes (35ms)
			AfterProcessingInitializeOnLoad (0ms)
			EditorAssembliesLoaded (0ms)
		ExecutionOrderSort2 (0ms)
		AwakeInstancesAfterBackupRestoration (0ms)
========================================================================
Worker process is ready to serve import requests
Begin MonoManager ReloadAssembly
Symbol file LoadedFromMemory doesn't match image C:\Users\Chase\OneDrive - Indiana University\N437 Project\N437_Antioch\Library\PackageCache\com.unity.visualscripting@1.8.0\Editor\VisualScripting.Core\Dependencies\YamlDotNet\Unity.VisualScripting.YamlDotNet.dll
Symbol file LoadedFromMemory doesn't match image C:\Users\Chase\OneDrive - Indiana University\N437 Project\N437_Antioch\Library\PackageCache\com.unity.visualscripting@1.8.0\Editor\VisualScripting.Core\Dependencies\DotNetZip\Unity.VisualScripting.IonicZip.dll
- Loaded All Assemblies, in  0.605 seconds
Refreshing native plugins compatible for Editor in 3.99 ms, found 3 plugins.
Native extension for WindowsStandalone target not found
Package Manager log level set to [2]
[Package Manager] Server::EnsureServerProcessIsRunning -- launch failed, reason: Unity was launched with the -noUpm command-line argument
[Package Manager] UpmClient::Send -- Unable to send message (not connected to UPM process).
[Package Manager] Cannot connect to Unity Package Manager local server
Mono: successfully reloaded assembly
- Finished resetting the current domain, in  0.442 seconds
Domain Reload Profiling: 1044ms
	BeginReloadAssembly (121ms)
		ExecutionOrderSort (0ms)
		DisableScriptedObjects (4ms)
		BackupInstance (0ms)
		ReleaseScriptingObjects (0ms)
		CreateAndSetChildDomain (22ms)
	RebuildCommonClasses (26ms)
	RebuildNativeTypeToScriptingClass (7ms)
	initialDomainReloadingComplete (40ms)
	LoadAllAssembliesAndSetupDomain (407ms)
		LoadAssemblies (242ms)
		RebuildTransferFunctionScriptingTraits (0ms)
		AnalyzeDomain (220ms)
			TypeCache.Refresh (203ms)
				TypeCache.ScanAssembly (193ms)
			ScanForSourceGeneratedMonoScriptInfo (14ms)
			ResolveRequiredComponents (4ms)
	FinalizeReload (442ms)
		ReleaseScriptCaches (0ms)
		RebuildScriptCaches (0ms)
		SetupLoadedEditorAssemblies (338ms)
			LogAssemblyErrors (0ms)
			InitializePlatformSupportModulesInManaged (6ms)
			SetLoadedEditorAssemblies (4ms)
			RefreshPlugins (0ms)
			BeforeProcessingInitializeOnLoad (55ms)
			ProcessInitializeOnLoadAttributes (249ms)
			ProcessInitializeOnLoadMethodAttributes (14ms)
			AfterProcessingInitializeOnLoad (10ms)
			EditorAssembliesLoaded (0ms)
		ExecutionOrderSort2 (0ms)
		AwakeInstancesAfterBackupRestoration (5ms)
Launched and connected shader compiler UnityShaderCompiler.exe after 0.04 seconds
Refreshing native plugins compatible for Editor in 4.22 ms, found 3 plugins.
Preloading 0 native plugins for Editor in 0.00 ms.
Unloading 3080 Unused Serialized files (Serialized files now loaded: 0)
Unloading 31 unused Assets / (56.6 KB). Loaded Objects now: 3566.
Memory consumption went from 126.8 MB to 126.8 MB.
Total: 2.973100 ms (FindLiveObjects: 0.213200 ms CreateObjectMapping: 0.116400 ms MarkObjects: 2.548600 ms  DeleteObjects: 0.094000 ms)

AssetImportParameters requested are different than current active one (requested -> active):
  custom:container-demuxer-ogg: 62fdf1f143b41e24485cea50d1cbac27 -> 
  custom:video-decoder-ogg-theora: a1e56fd34408186e4bbccfd4996cb3dc -> 
  custom:framework-win-MediaFoundation: 216162199b28c13a410421893ffa2e32 -> 
  custom:CustomObjectIndexerAttribute: 756ad292c208cfabdd7b50bc23989ffe -> 
  custom:container-demuxer-webm: 4f35f7cbe854078d1ac9338744f61a02 -> 
  custom:container-muxer-webm: aa71ff27fc2769a1b78a27578f13a17b -> 
  custom:video-decoder-webm-vp8: 9c59270c3fd7afecdb556c50c9e8de78 -> 
  custom:AudioImporter_EditorPlatform: d09bf68614088b80899f8185d706f6e7 -> 
  custom:video-encoder-webm-vp8: eb34c28f22e8b96e1ab97ce403110664 -> 
  custom:audio-decoder-ogg-vorbis: bf7c407c2cedff20999df2af8eb42d56 -> 
  custom:audio-encoder-webm-vorbis: bf7c407c2cedff20999df2af8eb42d56 -> 
========================================================================
Received Import Request.
  Time since last request: 1639612.893291 seconds.
  path: Assets/Textures/CommandCenter/MainBuilding/CommandSP_01_standardSurface1_Normal.1002.png
  artifactKey: Guid(418611dc12cae244a8cd8457028e5d41) Importer(815301076,1909f56bfc062723c751e8b465ee728b)
Start importing Assets/Textures/CommandCenter/MainBuilding/CommandSP_01_standardSurface1_Normal.1002.png using Guid(418611dc12cae244a8cd8457028e5d41) Importer(815301076,1909f56bfc062723c751e8b465ee728b)  -> (artifact id: '2e4df1cdf4bc852ef19df0ea6ec2bf98') in 0.064804 seconds
Number of updated asset objects reloaded before import = 0
Number of asset objects unloaded after import = 2
========================================================================
Received Import Request.
  Time since last request: 56.428212 seconds.
  path: Assets/Textures/CommandCenter/EverythingElse/CommandSP_01_standardSurface1_Roughness.1001.png
  artifactKey: Guid(eb54c1843a51606488d8257384bc1636) Importer(815301076,1909f56bfc062723c751e8b465ee728b)
Start importing Assets/Textures/CommandCenter/EverythingElse/CommandSP_01_standardSurface1_Roughness.1001.png using Guid(eb54c1843a51606488d8257384bc1636) Importer(815301076,1909f56bfc062723c751e8b465ee728b)  -> (artifact id: '57e33a8cb0024545c7b46cc94576feda') in 0.013023 seconds
Number of updated asset objects reloaded before import = 0
Number of asset objects unloaded after import = 2
========================================================================
Received Import Request.
  Time since last request: 0.616883 seconds.
  path: Assets/Textures/CommandCenter/EverythingElse/CommandSP_01_standardSurface1_Normal.1001.png
  artifactKey: Guid(0590a7960e8d6274d9f6f5f24f75d169) Importer(815301076,1909f56bfc062723c751e8b465ee728b)
Start importing Assets/Textures/CommandCenter/EverythingElse/CommandSP_01_standardSurface1_Normal.1001.png using Guid(0590a7960e8d6274d9f6f5f24f75d169) Importer(815301076,1909f56bfc062723c751e8b465ee728b)  -> (artifact id: 'c04353e4033d0082a49792c0e13593d8') in 0.013149 seconds
Number of updated asset objects reloaded before import = 0
Number of asset objects unloaded after import = 2
========================================================================
Received Import Request.
  Time since last request: 386.009635 seconds.
  path: Assets/Textures/MedBay
  artifactKey: Guid(4092606e5de9f2446bdfdd5b6e57c9fb) Importer(815301076,1909f56bfc062723c751e8b465ee728b)
Start importing Assets/Textures/MedBay using Guid(4092606e5de9f2446bdfdd5b6e57c9fb) Importer(815301076,1909f56bfc062723c751e8b465ee728b)  -> (artifact id: '6cc416f2c63297d47177b6029e1b160a') in 0.000643 seconds
Number of updated asset objects reloaded before import = 0
Number of asset objects unloaded after import = 0
========================================================================
Received Import Request.
  Time since last request: 287.911143 seconds.
  path: Assets/Textures/Raingun
  artifactKey: Guid(b819ee1ffda7ebf45932d5ba4d2bfbac) Importer(815301076,1909f56bfc062723c751e8b465ee728b)
Start importing Assets/Textures/Raingun using Guid(b819ee1ffda7ebf45932d5ba4d2bfbac) Importer(815301076,1909f56bfc062723c751e8b465ee728b)  -> (artifact id: '3d90a9b70d32e31d29dc3bc6b5224757') in 0.000674 seconds
Number of updated asset objects reloaded before import = 0
Number of asset objects unloaded after import = 0
========================================================================
Received Import Request.
  Time since last request: 13.129888 seconds.
  path: Assets/Textures/RailGun/Gun
  artifactKey: Guid(5b4fa6b35d576ab46affa7a2c856a3d2) Importer(815301076,1909f56bfc062723c751e8b465ee728b)
Start importing Assets/Textures/RailGun/Gun using Guid(5b4fa6b35d576ab46affa7a2c856a3d2) Importer(815301076,1909f56bfc062723c751e8b465ee728b)  -> (artifact id: '25d3a3015e16a0dbd4975171a50b3c35') in 0.000433 seconds
Number of updated asset objects reloaded before import = 0
Number of asset objects unloaded after import = 0
========================================================================
Received Import Request.
  Time since last request: 8.523708 seconds.
  path: Assets/Textures/RailGun/Platform
  artifactKey: Guid(12ee85af136556c4d9bc6aa83bddf109) Importer(815301076,1909f56bfc062723c751e8b465ee728b)
Start importing Assets/Textures/RailGun/Platform using Guid(12ee85af136556c4d9bc6aa83bddf109) Importer(815301076,1909f56bfc062723c751e8b465ee728b)  -> (artifact id: 'e7074bbee03e19da32d19b18b3d83f32') in 0.000436 seconds
Number of updated asset objects reloaded before import = 0
Number of asset objects unloaded after import = 0
========================================================================
Received Import Request.
  Time since last request: 428.165445 seconds.
  path: Assets/Textures/MedBay/Building
  artifactKey: Guid(10b33575a894d9d488d1309af362708d) Importer(815301076,1909f56bfc062723c751e8b465ee728b)
Start importing Assets/Textures/MedBay/Building using Guid(10b33575a894d9d488d1309af362708d) Importer(815301076,1909f56bfc062723c751e8b465ee728b)  -> (artifact id: '2ae2ae3e821609c1eebbe800ce4ca6d3') in 0.000576 seconds
Number of updated asset objects reloaded before import = 0
Number of asset objects unloaded after import = 0
========================================================================
Received Import Request.
  Time since last request: 8.323795 seconds.
  path: Assets/Textures/MedBay/Bed
  artifactKey: Guid(9cb2c5eb3dec031408088a63a2fa0e18) Importer(815301076,1909f56bfc062723c751e8b465ee728b)
Start importing Assets/Textures/MedBay/Bed using Guid(9cb2c5eb3dec031408088a63a2fa0e18) Importer(815301076,1909f56bfc062723c751e8b465ee728b)  -> (artifact id: '59b2a81a9b4ed373c7543b9bad4a8bb8') in 0.000551 seconds
Number of updated asset objects reloaded before import = 0
Number of asset objects unloaded after import = 0
========================================================================
Received Import Request.
  Time since last request: 5.347382 seconds.
  path: Assets/Textures/MedBay/Drawer
  artifactKey: Guid(aa07428c60dc6be4e8704da03c2e0e3d) Importer(815301076,1909f56bfc062723c751e8b465ee728b)
Start importing Assets/Textures/MedBay/Drawer using Guid(aa07428c60dc6be4e8704da03c2e0e3d) Importer(815301076,1909f56bfc062723c751e8b465ee728b)  -> (artifact id: 'e55b8b383bbf58714838165a1b558f70') in 0.000431 seconds
Number of updated asset objects reloaded before import = 0
Number of asset objects unloaded after import = 0
